# JRE version: OpenJDK Runtime Environment (23.0.1+11) (build 23.0.1+11-39)
# Java VM: OpenJDK 64-Bit Server VM (23.0.1+11-39, mixed mode, sharing, tiered, compressed oops, compressed class ptrs, g1 gc, windows-amd64)
GC Precious Log:
 CardTable entry size: 512
 Card Set container configuration: InlinePtr #cards 5 size 8 Array Of Cards #cards 10 size 36 Howl #buckets 4 coarsen threshold 1843 Howl Bitmap #cards 512 size 80 coarsen threshold 460 Card regions per heap region 1 cards per card region 2048
 CPUs: 16 total, 16 available
 Memory: 7421M
 Large Page Support: Disabled
 NUMA Support: Disabled
 Compressed Oops: Enabled (32-bit)
 Heap Region Size: 1M
 Heap Min Capacity: 8M
 Heap Initial Capacity: 116M
 Heap Max Capacity: 1856M
 Pre-touch: Disabled
 Parallel Workers: 13
 Concurrent Workers: 3
 Concurrent Refinement Workers: 13
 Periodic GC: Disabled
Heap:
 garbage-first heap   total reserved 1900544K, committed 126976K, used 51202K [0x000000008c000000, 0x0000000100000000)
  region size 1024K, 16 young (16384K), 1 survivors (1024K)
 Metaspace       used 87216K, committed 87936K, reserved 1179648K
  class space    used 11767K, committed 12160K, reserved 1048576K
GC Heap History (20 events):
Event: 5615.295 GC heap before
{Heap before GC invocations=50 (full 0):
 garbage-first heap   total reserved 1900544K, committed 126976K, used 110176K [0x000000008c000000, 0x0000000100000000)
  region size 1024K, 74 young (75776K), 2 survivors (2048K)
 Metaspace       used 87215K, committed 87936K, reserved 1179648K
  class space    used 11766K, committed 12160K, reserved 1048576K
}
Event: 5615.300 GC heap after
{Heap after GC invocations=51 (full 0):
 garbage-first heap   total reserved 1900544K, committed 126976K, used 37494K [0x000000008c000000, 0x0000000100000000)
  region size 1024K, 2 young (2048K), 2 survivors (2048K)
 Metaspace       used 87215K, committed 87936K, reserved 1179648K
  class space    used 11766K, committed 12160K, reserved 1048576K
}
Event: 5619.161 GC heap before
{Heap before GC invocations=51 (full 0):
 garbage-first heap   total reserved 1900544K, committed 126976K, used 111222K [0x000000008c000000, 0x0000000100000000)
  region size 1024K, 74 young (75776K), 2 survivors (2048K)
 Metaspace       used 87216K, committed 87936K, reserved 1179648K
  class space    used 11767K, committed 12160K, reserved 1048576K
}
Event: 5619.169 GC heap after
{Heap after GC invocations=52 (full 0):
 garbage-first heap   total reserved 1900544K, committed 126976K, used 36991K [0x000000008c000000, 0x0000000100000000)
  region size 1024K, 2 young (2048K), 2 survivors (2048K)
 Metaspace       used 87216K, committed 87936K, reserved 1179648K
  class space    used 11767K, committed 12160K, reserved 1048576K
}
Event: 5622.881 GC heap before
{Heap before GC invocations=52 (full 0):
 garbage-first heap   total reserved 1900544K, committed 126976K, used 109695K [0x000000008c000000, 0x0000000100000000)
  region size 1024K, 74 young (75776K), 2 survivors (2048K)
 Metaspace       used 87216K, committed 87936K, reserved 1179648K
  class space    used 11767K, committed 12160K, reserved 1048576K
}
Event: 5622.884 GC heap after
{Heap after GC invocations=53 (full 0):
 garbage-first heap   total reserved 1900544K, committed 126976K, used 37148K [0x000000008c000000, 0x0000000100000000)
  region size 1024K, 2 young (2048K), 2 survivors (2048K)
 Metaspace       used 87216K, committed 87936K, reserved 1179648K
  class space    used 11767K, committed 12160K, reserved 1048576K
}
Event: 5626.084 GC heap before
{Heap before GC invocations=54 (full 0):
 garbage-first heap   total reserved 1900544K, committed 126976K, used 109852K [0x000000008c000000, 0x0000000100000000)
  region size 1024K, 74 young (75776K), 2 survivors (2048K)
 Metaspace       used 87216K, committed 87936K, reserved 1179648K
  class space    used 11767K, committed 12160K, reserved 1048576K
}
Event: 5626.086 GC heap after
{Heap after GC invocations=55 (full 0):
 garbage-first heap   total reserved 1900544K, committed 126976K, used 37186K [0x000000008c000000, 0x0000000100000000)
  region size 1024K, 2 young (2048K), 2 survivors (2048K)
 Metaspace       used 87216K, committed 87936K, reserved 1179648K
  class space    used 11767K, committed 12160K, reserved 1048576K
}
Event: 5629.020 GC heap before
{Heap before GC invocations=55 (full 0):
 garbage-first heap   total reserved 1900544K, committed 126976K, used 109890K [0x000000008c000000, 0x0000000100000000)
  region size 1024K, 74 young (75776K), 2 survivors (2048K)
 Metaspace       used 87216K, committed 87936K, reserved 1179648K
  class space    used 11767K, committed 12160K, reserved 1048576K
}
Event: 5629.025 GC heap after
{Heap after GC invocations=56 (full 0):
 garbage-first heap   total reserved 1900544K, committed 126976K, used 37004K [0x000000008c000000, 0x0000000100000000)
  region size 1024K, 2 young (2048K), 2 survivors (2048K)
 Metaspace       used 87216K, committed 87936K, reserved 1179648K
  class space    used 11767K, committed 12160K, reserved 1048576K
}
Event: 5632.147 GC heap before
{Heap before GC invocations=56 (full 0):
 garbage-first heap   total reserved 1900544K, committed 126976K, used 109708K [0x000000008c000000, 0x0000000100000000)
  region size 1024K, 74 young (75776K), 2 survivors (2048K)
 Metaspace       used 87216K, committed 87936K, reserved 1179648K
  class space    used 11767K, committed 12160K, reserved 1048576K
}
Event: 5632.149 GC heap after
{Heap after GC invocations=57 (full 0):
 garbage-first heap   total reserved 1900544K, committed 126976K, used 37003K [0x000000008c000000, 0x0000000100000000)
  region size 1024K, 2 young (2048K), 2 survivors (2048K)
 Metaspace       used 87216K, committed 87936K, reserved 1179648K
  class space    used 11767K, committed 12160K, reserved 1048576K
}
Event: 5636.055 GC heap before
{Heap before GC invocations=58 (full 0):
 garbage-first heap   total reserved 1900544K, committed 126976K, used 109707K [0x000000008c000000, 0x0000000100000000)
  region size 1024K, 74 young (75776K), 2 survivors (2048K)
 Metaspace       used 87216K, committed 87936K, reserved 1179648K
  class space    used 11767K, committed 12160K, reserved 1048576K
}
Event: 5636.057 GC heap after
{Heap after GC invocations=59 (full 0):
 garbage-first heap   total reserved 1900544K, committed 126976K, used 36990K [0x000000008c000000, 0x0000000100000000)
  region size 1024K, 2 young (2048K), 2 survivors (2048K)
 Metaspace       used 87216K, committed 87936K, reserved 1179648K
  class space    used 11767K, committed 12160K, reserved 1048576K
}
Event: 5638.816 GC heap before
{Heap before GC invocations=59 (full 0):
 garbage-first heap   total reserved 1900544K, committed 126976K, used 109694K [0x000000008c000000, 0x0000000100000000)
  region size 1024K, 74 young (75776K), 2 survivors (2048K)
 Metaspace       used 87216K, committed 87936K, reserved 1179648K
  class space    used 11767K, committed 12160K, reserved 1048576K
}
Event: 5639.199 GC heap after
{Heap after GC invocations=60 (full 0):
 garbage-first heap   total reserved 1900544K, committed 126976K, used 36658K [0x000000008c000000, 0x0000000100000000)
  region size 1024K, 1 young (1024K), 1 survivors (1024K)
 Metaspace       used 87216K, committed 87936K, reserved 1179648K
  class space    used 11767K, committed 12160K, reserved 1048576K
}
Event: 5642.033 GC heap before
{Heap before GC invocations=60 (full 0):
 garbage-first heap   total reserved 1900544K, committed 126976K, used 110386K [0x000000008c000000, 0x0000000100000000)
  region size 1024K, 74 young (75776K), 1 survivors (1024K)
 Metaspace       used 87216K, committed 87936K, reserved 1179648K
  class space    used 11767K, committed 12160K, reserved 1048576K
}
Event: 5642.121 GC heap after
{Heap after GC invocations=61 (full 0):
 garbage-first heap   total reserved 1900544K, committed 126976K, used 36811K [0x000000008c000000, 0x0000000100000000)
  region size 1024K, 1 young (1024K), 1 survivors (1024K)
 Metaspace       used 87216K, committed 87936K, reserved 1179648K
  class space    used 11767K, committed 12160K, reserved 1048576K
}
Event: 5645.424 GC heap before
{Heap before GC invocations=62 (full 0):
 garbage-first heap   total reserved 1900544K, committed 126976K, used 110539K [0x000000008c000000, 0x0000000100000000)
  region size 1024K, 74 young (75776K), 1 survivors (1024K)
 Metaspace       used 87216K, committed 87936K, reserved 1179648K
  class space    used 11767K, committed 12160K, reserved 1048576K
}
Event: 5645.425 GC heap after
{Heap after GC invocations=63 (full 0):
 garbage-first heap   total reserved 1900544K, committed 126976K, used 36866K [0x000000008c000000, 0x0000000100000000)
  region size 1024K, 1 young (1024K), 1 survivors (1024K)
 Metaspace       used 87216K, committed 87936K, reserved 1179648K
  class space    used 11767K, committed 12160K, reserved 1048576K
}

